<?xml version="1.0" encoding="UTF-8"?>
<testsuite name="A description" tests="5" skipped="0" failures="4" errors="0" timestamp="2019-05-29T10:22:38" hostname="DESKTOP-3AIQH3S" time="54.843">
  <properties/>
  <testcase name="A scenario" classname="A description" time="30.497"/>
  <testcase name="A scenario" classname="A description" time="24.172">
    <failure message="java.lang.NullPointerException" type="java.lang.NullPointerException">java.lang.NullPointerException
	at sun.reflect.NativeMethodAccessorImpl.invoke0(Native Method)
	at sun.reflect.NativeMethodAccessorImpl.invoke(NativeMethodAccessorImpl.java:62)
	at sun.reflect.DelegatingMethodAccessorImpl.invoke(DelegatingMethodAccessorImpl.java:43)
	at java.lang.reflect.Method.invoke(Method.java:498)
	at org.openqa.selenium.support.pagefactory.internal.LocatingElementHandler.invoke(LocatingElementHandler.java:51)
	at com.sun.proxy.$Proxy36.isDisplayed(Unknown Source)
	at com.kryviak.decorator.elements.LinkDecor.isDisplayed(LinkDecor.java:24)
	at org.openqa.selenium.support.ui.ExpectedConditions.isInvisible(ExpectedConditions.java:1380)
	at org.openqa.selenium.support.ui.ExpectedConditions.access$400(ExpectedConditions.java:43)
	at org.openqa.selenium.support.ui.ExpectedConditions$46.apply(ExpectedConditions.java:1368)
	at org.openqa.selenium.support.ui.ExpectedConditions$46.apply(ExpectedConditions.java:1364)
	at org.openqa.selenium.support.ui.FluentWait.until(FluentWait.java:208)
	at com.kryviak.pages.AbstractPage.waitForElementIsNotVisible(AbstractPage.java:25)
	at com.kryviak.pages.mailbox.MailboxPage.clickSentMessageLink(MailboxPage.java:78)
	at com.kryviak.mailboxBO.MailboxBO.deleteSentLetter(MailboxBO.java:22)
	at com.kryviak.steps.MyStepdefs.deleteTheMessage(MyStepdefs.java:47)
	at ✽.Delete the message(file:src/test/resources/gmail.feature:11)
</failure>
  </testcase>
  <testcase name="A scenario" classname="A description" time="0.076">
    <failure message="org.openqa.selenium.NoSuchWindowException: no such window: target window already closed&#10;from unknown error: web view not found&#10;  (Session info: chrome=74.0.3729.169)&#10;  (Driver info: chromedriver=74.0.3729.6 (255758eccf3d244491b8a1317aa76e1ce10d57e9-refs/branch-heads/3729@{#29}),platform=Windows NT 10.0.17763 x86_64) (WARNING: The server did not provide any stacktrace information)&#10;Command duration or timeout: 0 milliseconds&#10;Build info: version: '3.8.1', revision: '6e95a6684b', time: '2017-12-01T18:33:54.468Z'&#10;System info: host: 'DESKTOP-3AIQH3S', ip: '192.168.0.103', os.name: 'Windows 10', os.arch: 'amd64', os.version: '10.0', java.version: '1.8.0_201'&#10;Driver info: org.openqa.selenium.chrome.ChromeDriver&#10;Capabilities {acceptInsecureCerts: false, acceptSslCerts: false, applicationCacheEnabled: false, browserConnectionEnabled: false, browserName: chrome, chrome: {chromedriverVersion: 74.0.3729.6 (255758eccf3d24..., userDataDir: C:\Users\kryvi\AppData\Loca...}, cssSelectorsEnabled: true, databaseEnabled: false, goog:chromeOptions: {debuggerAddress: localhost:56258}, handlesAlerts: true, hasTouchScreen: false, javascriptEnabled: true, locationContextEnabled: true, mobileEmulationEnabled: false, nativeEvents: true, networkConnectionEnabled: false, pageLoadStrategy: normal, platform: XP, platformName: XP, proxy: Proxy(), rotatable: false, setWindowRect: true, strictFileInteractability: false, takesHeapSnapshot: true, takesScreenshot: true, timeouts: {implicit: 0, pageLoad: 300000, script: 30000}, unexpectedAlertBehaviour: ignore, unhandledPromptBehavior: ignore, version: 74.0.3729.169, webStorageEnabled: true}&#10;Session ID: 01b32fa4f7d5fd04bbf41501b071adf2&#10;*** Element info: {Using=css selector, value=#identifierId}" type="org.openqa.selenium.NoSuchWindowException">org.openqa.selenium.NoSuchWindowException: no such window: target window already closed
from unknown error: web view not found
  (Session info: chrome=74.0.3729.169)
  (Driver info: chromedriver=74.0.3729.6 (255758eccf3d244491b8a1317aa76e1ce10d57e9-refs/branch-heads/3729@{#29}),platform=Windows NT 10.0.17763 x86_64) (WARNING: The server did not provide any stacktrace information)
Command duration or timeout: 0 milliseconds
Build info: version: '3.8.1', revision: '6e95a6684b', time: '2017-12-01T18:33:54.468Z'
System info: host: 'DESKTOP-3AIQH3S', ip: '192.168.0.103', os.name: 'Windows 10', os.arch: 'amd64', os.version: '10.0', java.version: '1.8.0_201'
Driver info: org.openqa.selenium.chrome.ChromeDriver
Capabilities {acceptInsecureCerts: false, acceptSslCerts: false, applicationCacheEnabled: false, browserConnectionEnabled: false, browserName: chrome, chrome: {chromedriverVersion: 74.0.3729.6 (255758eccf3d24..., userDataDir: C:\Users\kryvi\AppData\Loca...}, cssSelectorsEnabled: true, databaseEnabled: false, goog:chromeOptions: {debuggerAddress: localhost:56258}, handlesAlerts: true, hasTouchScreen: false, javascriptEnabled: true, locationContextEnabled: true, mobileEmulationEnabled: false, nativeEvents: true, networkConnectionEnabled: false, pageLoadStrategy: normal, platform: XP, platformName: XP, proxy: Proxy(), rotatable: false, setWindowRect: true, strictFileInteractability: false, takesHeapSnapshot: true, takesScreenshot: true, timeouts: {implicit: 0, pageLoad: 300000, script: 30000}, unexpectedAlertBehaviour: ignore, unhandledPromptBehavior: ignore, version: 74.0.3729.169, webStorageEnabled: true}
Session ID: 01b32fa4f7d5fd04bbf41501b071adf2
*** Element info: {Using=css selector, value=#identifierId}
	at sun.reflect.NativeConstructorAccessorImpl.newInstance0(Native Method)
	at sun.reflect.NativeConstructorAccessorImpl.newInstance(NativeConstructorAccessorImpl.java:62)
	at sun.reflect.DelegatingConstructorAccessorImpl.newInstance(DelegatingConstructorAccessorImpl.java:45)
	at java.lang.reflect.Constructor.newInstance(Constructor.java:423)
	at org.openqa.selenium.remote.ErrorHandler.createThrowable(ErrorHandler.java:214)
	at org.openqa.selenium.remote.ErrorHandler.throwIfResponseFailed(ErrorHandler.java:166)
	at org.openqa.selenium.remote.http.JsonHttpResponseCodec.reconstructValue(JsonHttpResponseCodec.java:40)
	at org.openqa.selenium.remote.http.AbstractHttpResponseCodec.decode(AbstractHttpResponseCodec.java:80)
	at org.openqa.selenium.remote.http.AbstractHttpResponseCodec.decode(AbstractHttpResponseCodec.java:44)
	at org.openqa.selenium.remote.HttpCommandExecutor.execute(HttpCommandExecutor.java:164)
	at org.openqa.selenium.remote.service.DriverCommandExecutor.execute(DriverCommandExecutor.java:83)
	at org.openqa.selenium.remote.RemoteWebDriver.execute(RemoteWebDriver.java:601)
	at org.openqa.selenium.remote.RemoteWebDriver.findElement(RemoteWebDriver.java:371)
	at org.openqa.selenium.remote.RemoteWebDriver.findElementByCssSelector(RemoteWebDriver.java:465)
	at org.openqa.selenium.By$ByCssSelector.findElement(By.java:430)
	at org.openqa.selenium.remote.RemoteWebDriver.findElement(RemoteWebDriver.java:363)
	at org.openqa.selenium.support.pagefactory.DefaultElementLocator.findElement(DefaultElementLocator.java:69)
	at org.openqa.selenium.support.pagefactory.internal.LocatingElementHandler.invoke(LocatingElementHandler.java:38)
	at com.sun.proxy.$Proxy36.sendKeys(Unknown Source)
	at com.kryviak.decorator.elements.InputTextDecor.sendKeys(InputTextDecor.java:18)
	at com.kryviak.pages.login.LoginEmailPage.setUserEmailTextField(LoginEmailPage.java:22)
	at com.kryviak.loginBO.LoginBO.login(LoginBO.java:13)
	at com.kryviak.steps.MyStepdefs.loginSuccessfully(MyStepdefs.java:37)
	at ✽.Login Successfully(file:src/test/resources/gmail.feature:9)
</failure>
  </testcase>
  <testcase name="A scenario" classname="A description" time="0.068">
    <failure message="org.openqa.selenium.NoSuchWindowException: no such window: target window already closed&#10;from unknown error: web view not found&#10;  (Session info: chrome=74.0.3729.169)&#10;  (Driver info: chromedriver=74.0.3729.6 (255758eccf3d244491b8a1317aa76e1ce10d57e9-refs/branch-heads/3729@{#29}),platform=Windows NT 10.0.17763 x86_64) (WARNING: The server did not provide any stacktrace information)&#10;Command duration or timeout: 0 milliseconds&#10;Build info: version: '3.8.1', revision: '6e95a6684b', time: '2017-12-01T18:33:54.468Z'&#10;System info: host: 'DESKTOP-3AIQH3S', ip: '192.168.0.103', os.name: 'Windows 10', os.arch: 'amd64', os.version: '10.0', java.version: '1.8.0_201'&#10;Driver info: org.openqa.selenium.chrome.ChromeDriver&#10;Capabilities {acceptInsecureCerts: false, acceptSslCerts: false, applicationCacheEnabled: false, browserConnectionEnabled: false, browserName: chrome, chrome: {chromedriverVersion: 74.0.3729.6 (255758eccf3d24..., userDataDir: C:\Users\kryvi\AppData\Loca...}, cssSelectorsEnabled: true, databaseEnabled: false, goog:chromeOptions: {debuggerAddress: localhost:56258}, handlesAlerts: true, hasTouchScreen: false, javascriptEnabled: true, locationContextEnabled: true, mobileEmulationEnabled: false, nativeEvents: true, networkConnectionEnabled: false, pageLoadStrategy: normal, platform: XP, platformName: XP, proxy: Proxy(), rotatable: false, setWindowRect: true, strictFileInteractability: false, takesHeapSnapshot: true, takesScreenshot: true, timeouts: {implicit: 0, pageLoad: 300000, script: 30000}, unexpectedAlertBehaviour: ignore, unhandledPromptBehavior: ignore, version: 74.0.3729.169, webStorageEnabled: true}&#10;Session ID: 01b32fa4f7d5fd04bbf41501b071adf2&#10;*** Element info: {Using=css selector, value=#identifierId}" type="org.openqa.selenium.NoSuchWindowException">org.openqa.selenium.NoSuchWindowException: no such window: target window already closed
from unknown error: web view not found
  (Session info: chrome=74.0.3729.169)
  (Driver info: chromedriver=74.0.3729.6 (255758eccf3d244491b8a1317aa76e1ce10d57e9-refs/branch-heads/3729@{#29}),platform=Windows NT 10.0.17763 x86_64) (WARNING: The server did not provide any stacktrace information)
Command duration or timeout: 0 milliseconds
Build info: version: '3.8.1', revision: '6e95a6684b', time: '2017-12-01T18:33:54.468Z'
System info: host: 'DESKTOP-3AIQH3S', ip: '192.168.0.103', os.name: 'Windows 10', os.arch: 'amd64', os.version: '10.0', java.version: '1.8.0_201'
Driver info: org.openqa.selenium.chrome.ChromeDriver
Capabilities {acceptInsecureCerts: false, acceptSslCerts: false, applicationCacheEnabled: false, browserConnectionEnabled: false, browserName: chrome, chrome: {chromedriverVersion: 74.0.3729.6 (255758eccf3d24..., userDataDir: C:\Users\kryvi\AppData\Loca...}, cssSelectorsEnabled: true, databaseEnabled: false, goog:chromeOptions: {debuggerAddress: localhost:56258}, handlesAlerts: true, hasTouchScreen: false, javascriptEnabled: true, locationContextEnabled: true, mobileEmulationEnabled: false, nativeEvents: true, networkConnectionEnabled: false, pageLoadStrategy: normal, platform: XP, platformName: XP, proxy: Proxy(), rotatable: false, setWindowRect: true, strictFileInteractability: false, takesHeapSnapshot: true, takesScreenshot: true, timeouts: {implicit: 0, pageLoad: 300000, script: 30000}, unexpectedAlertBehaviour: ignore, unhandledPromptBehavior: ignore, version: 74.0.3729.169, webStorageEnabled: true}
Session ID: 01b32fa4f7d5fd04bbf41501b071adf2
*** Element info: {Using=css selector, value=#identifierId}
	at sun.reflect.NativeConstructorAccessorImpl.newInstance0(Native Method)
	at sun.reflect.NativeConstructorAccessorImpl.newInstance(NativeConstructorAccessorImpl.java:62)
	at sun.reflect.DelegatingConstructorAccessorImpl.newInstance(DelegatingConstructorAccessorImpl.java:45)
	at java.lang.reflect.Constructor.newInstance(Constructor.java:423)
	at org.openqa.selenium.remote.ErrorHandler.createThrowable(ErrorHandler.java:214)
	at org.openqa.selenium.remote.ErrorHandler.throwIfResponseFailed(ErrorHandler.java:166)
	at org.openqa.selenium.remote.http.JsonHttpResponseCodec.reconstructValue(JsonHttpResponseCodec.java:40)
	at org.openqa.selenium.remote.http.AbstractHttpResponseCodec.decode(AbstractHttpResponseCodec.java:80)
	at org.openqa.selenium.remote.http.AbstractHttpResponseCodec.decode(AbstractHttpResponseCodec.java:44)
	at org.openqa.selenium.remote.HttpCommandExecutor.execute(HttpCommandExecutor.java:164)
	at org.openqa.selenium.remote.service.DriverCommandExecutor.execute(DriverCommandExecutor.java:83)
	at org.openqa.selenium.remote.RemoteWebDriver.execute(RemoteWebDriver.java:601)
	at org.openqa.selenium.remote.RemoteWebDriver.findElement(RemoteWebDriver.java:371)
	at org.openqa.selenium.remote.RemoteWebDriver.findElementByCssSelector(RemoteWebDriver.java:465)
	at org.openqa.selenium.By$ByCssSelector.findElement(By.java:430)
	at org.openqa.selenium.remote.RemoteWebDriver.findElement(RemoteWebDriver.java:363)
	at org.openqa.selenium.support.pagefactory.DefaultElementLocator.findElement(DefaultElementLocator.java:69)
	at org.openqa.selenium.support.pagefactory.internal.LocatingElementHandler.invoke(LocatingElementHandler.java:38)
	at com.sun.proxy.$Proxy36.sendKeys(Unknown Source)
	at com.kryviak.decorator.elements.InputTextDecor.sendKeys(InputTextDecor.java:18)
	at com.kryviak.pages.login.LoginEmailPage.setUserEmailTextField(LoginEmailPage.java:22)
	at com.kryviak.loginBO.LoginBO.login(LoginBO.java:13)
	at com.kryviak.steps.MyStepdefs.loginSuccessfully(MyStepdefs.java:37)
	at ✽.Login Successfully(file:src/test/resources/gmail.feature:9)
</failure>
  </testcase>
  <testcase name="A scenario" classname="A description" time="0.029">
    <failure message="org.openqa.selenium.NoSuchWindowException: no such window: target window already closed&#10;from unknown error: web view not found&#10;  (Session info: chrome=74.0.3729.169)&#10;  (Driver info: chromedriver=74.0.3729.6 (255758eccf3d244491b8a1317aa76e1ce10d57e9-refs/branch-heads/3729@{#29}),platform=Windows NT 10.0.17763 x86_64) (WARNING: The server did not provide any stacktrace information)&#10;Command duration or timeout: 0 milliseconds&#10;Build info: version: '3.8.1', revision: '6e95a6684b', time: '2017-12-01T18:33:54.468Z'&#10;System info: host: 'DESKTOP-3AIQH3S', ip: '192.168.0.103', os.name: 'Windows 10', os.arch: 'amd64', os.version: '10.0', java.version: '1.8.0_201'&#10;Driver info: org.openqa.selenium.chrome.ChromeDriver&#10;Capabilities {acceptInsecureCerts: false, acceptSslCerts: false, applicationCacheEnabled: false, browserConnectionEnabled: false, browserName: chrome, chrome: {chromedriverVersion: 74.0.3729.6 (255758eccf3d24..., userDataDir: C:\Users\kryvi\AppData\Loca...}, cssSelectorsEnabled: true, databaseEnabled: false, goog:chromeOptions: {debuggerAddress: localhost:56258}, handlesAlerts: true, hasTouchScreen: false, javascriptEnabled: true, locationContextEnabled: true, mobileEmulationEnabled: false, nativeEvents: true, networkConnectionEnabled: false, pageLoadStrategy: normal, platform: XP, platformName: XP, proxy: Proxy(), rotatable: false, setWindowRect: true, strictFileInteractability: false, takesHeapSnapshot: true, takesScreenshot: true, timeouts: {implicit: 0, pageLoad: 300000, script: 30000}, unexpectedAlertBehaviour: ignore, unhandledPromptBehavior: ignore, version: 74.0.3729.169, webStorageEnabled: true}&#10;Session ID: 01b32fa4f7d5fd04bbf41501b071adf2&#10;*** Element info: {Using=css selector, value=#identifierId}" type="org.openqa.selenium.NoSuchWindowException">org.openqa.selenium.NoSuchWindowException: no such window: target window already closed
from unknown error: web view not found
  (Session info: chrome=74.0.3729.169)
  (Driver info: chromedriver=74.0.3729.6 (255758eccf3d244491b8a1317aa76e1ce10d57e9-refs/branch-heads/3729@{#29}),platform=Windows NT 10.0.17763 x86_64) (WARNING: The server did not provide any stacktrace information)
Command duration or timeout: 0 milliseconds
Build info: version: '3.8.1', revision: '6e95a6684b', time: '2017-12-01T18:33:54.468Z'
System info: host: 'DESKTOP-3AIQH3S', ip: '192.168.0.103', os.name: 'Windows 10', os.arch: 'amd64', os.version: '10.0', java.version: '1.8.0_201'
Driver info: org.openqa.selenium.chrome.ChromeDriver
Capabilities {acceptInsecureCerts: false, acceptSslCerts: false, applicationCacheEnabled: false, browserConnectionEnabled: false, browserName: chrome, chrome: {chromedriverVersion: 74.0.3729.6 (255758eccf3d24..., userDataDir: C:\Users\kryvi\AppData\Loca...}, cssSelectorsEnabled: true, databaseEnabled: false, goog:chromeOptions: {debuggerAddress: localhost:56258}, handlesAlerts: true, hasTouchScreen: false, javascriptEnabled: true, locationContextEnabled: true, mobileEmulationEnabled: false, nativeEvents: true, networkConnectionEnabled: false, pageLoadStrategy: normal, platform: XP, platformName: XP, proxy: Proxy(), rotatable: false, setWindowRect: true, strictFileInteractability: false, takesHeapSnapshot: true, takesScreenshot: true, timeouts: {implicit: 0, pageLoad: 300000, script: 30000}, unexpectedAlertBehaviour: ignore, unhandledPromptBehavior: ignore, version: 74.0.3729.169, webStorageEnabled: true}
Session ID: 01b32fa4f7d5fd04bbf41501b071adf2
*** Element info: {Using=css selector, value=#identifierId}
	at sun.reflect.NativeConstructorAccessorImpl.newInstance0(Native Method)
	at sun.reflect.NativeConstructorAccessorImpl.newInstance(NativeConstructorAccessorImpl.java:62)
	at sun.reflect.DelegatingConstructorAccessorImpl.newInstance(DelegatingConstructorAccessorImpl.java:45)
	at java.lang.reflect.Constructor.newInstance(Constructor.java:423)
	at org.openqa.selenium.remote.ErrorHandler.createThrowable(ErrorHandler.java:214)
	at org.openqa.selenium.remote.ErrorHandler.throwIfResponseFailed(ErrorHandler.java:166)
	at org.openqa.selenium.remote.http.JsonHttpResponseCodec.reconstructValue(JsonHttpResponseCodec.java:40)
	at org.openqa.selenium.remote.http.AbstractHttpResponseCodec.decode(AbstractHttpResponseCodec.java:80)
	at org.openqa.selenium.remote.http.AbstractHttpResponseCodec.decode(AbstractHttpResponseCodec.java:44)
	at org.openqa.selenium.remote.HttpCommandExecutor.execute(HttpCommandExecutor.java:164)
	at org.openqa.selenium.remote.service.DriverCommandExecutor.execute(DriverCommandExecutor.java:83)
	at org.openqa.selenium.remote.RemoteWebDriver.execute(RemoteWebDriver.java:601)
	at org.openqa.selenium.remote.RemoteWebDriver.findElement(RemoteWebDriver.java:371)
	at org.openqa.selenium.remote.RemoteWebDriver.findElementByCssSelector(RemoteWebDriver.java:465)
	at org.openqa.selenium.By$ByCssSelector.findElement(By.java:430)
	at org.openqa.selenium.remote.RemoteWebDriver.findElement(RemoteWebDriver.java:363)
	at org.openqa.selenium.support.pagefactory.DefaultElementLocator.findElement(DefaultElementLocator.java:69)
	at org.openqa.selenium.support.pagefactory.internal.LocatingElementHandler.invoke(LocatingElementHandler.java:38)
	at com.sun.proxy.$Proxy36.sendKeys(Unknown Source)
	at com.kryviak.decorator.elements.InputTextDecor.sendKeys(InputTextDecor.java:18)
	at com.kryviak.pages.login.LoginEmailPage.setUserEmailTextField(LoginEmailPage.java:22)
	at com.kryviak.loginBO.LoginBO.login(LoginBO.java:13)
	at com.kryviak.steps.MyStepdefs.loginSuccessfully(MyStepdefs.java:37)
	at ✽.Login Successfully(file:src/test/resources/gmail.feature:9)
</failure>
  </testcase>
  <system-out><![CDATA[?[32m.?[0m?[32m.?[0mINFO  2019-05-29 13:22:46.054 LoginEmailPage:21 - Set user email: testmy12341234 
INFO  2019-05-29 13:22:46.062 InputTextDecor:17 - Input Text Area 
INFO  2019-05-29 13:22:46.346 LoginEmailPage:27 - Click to the 'Next' button on Email login page 
INFO  2019-05-29 13:22:46.347 ButtonDecor:17 - Button 
INFO  2019-05-29 13:22:46.636 InputTextDecor:22 - Text Area is displayed 
INFO  2019-05-29 13:22:47.192 InputTextDecor:22 - Text Area is displayed 
INFO  2019-05-29 13:22:47.735 InputTextDecor:22 - Text Area is displayed 
INFO  2019-05-29 13:22:48.323 InputTextDecor:22 - Text Area is displayed 
INFO  2019-05-29 13:22:48.361 LoginPassPage:22 - Set user password: 1234test1234My 
INFO  2019-05-29 13:22:48.362 InputTextDecor:17 - Input Text Area 
INFO  2019-05-29 13:22:48.565 ButtonDecor:22 - Button is displayed 
INFO  2019-05-29 13:22:48.615 LoginPassPage:29 - Click to the 'Next' button on Password login page 
INFO  2019-05-29 13:22:48.616 ButtonDecor:17 - Button 
?[32m.?[0mINFO  2019-05-29 13:22:48.813 MailboxPage:50 - Click to the 'Compose' button on your email page to create new letter 
INFO  2019-05-29 13:22:48.813 ButtonDecor:17 - Button 
INFO  2019-05-29 13:22:58.757 MailboxPage:55 - Set email to: kryviakmaria@gmail.com 
INFO  2019-05-29 13:22:58.757 InputTextDecor:17 - Input Text Area 
INFO  2019-05-29 13:22:59.056 MailboxPage:60 - Set subject to: Hello 
INFO  2019-05-29 13:22:59.057 InputTextDecor:17 - Input Text Area 
INFO  2019-05-29 13:22:59.299 MailboxPage:65 - Set message to: How are you? 
INFO  2019-05-29 13:22:59.300 InputTextDecor:17 - Input Text Area 
INFO  2019-05-29 13:22:59.844 MailboxPage:70 - Click to the 'Send' button to sent the message 
INFO  2019-05-29 13:22:59.844 ButtonDecor:17 - Button 
?[32m.?[0mINFO  2019-05-29 13:23:00.220 LinkDecor:23 - Link is displayed 
INFO  2019-05-29 13:23:06.486 MailboxPage:79 - Click to the 'Sent' link to view all sent message 
INFO  2019-05-29 13:23:06.486 LinkDecor:23 - Link is displayed 
INFO  2019-05-29 13:23:06.539 LinkDecor:18 - Link 
INFO  2019-05-29 13:23:06.660 LinkDecor:23 - Link is displayed 
INFO  2019-05-29 13:23:07.859 MailboxPage:104 - Delete the set message 
INFO  2019-05-29 13:23:07.860 ButtonDecor:17 - Button 
?[32m.?[0m?[32m.?[0m?[32m.?[0m?[32m.?[0m?[32m.?[0mINFO  2019-05-29 13:23:14.770 LoginEmailPage:21 - Set user email: tt8517837 
INFO  2019-05-29 13:23:14.770 InputTextDecor:17 - Input Text Area 
INFO  2019-05-29 13:23:15.031 LoginEmailPage:27 - Click to the 'Next' button on Email login page 
INFO  2019-05-29 13:23:15.032 ButtonDecor:17 - Button 
INFO  2019-05-29 13:23:15.326 InputTextDecor:22 - Text Area is displayed 
INFO  2019-05-29 13:23:15.890 InputTextDecor:22 - Text Area is displayed 
INFO  2019-05-29 13:23:16.476 InputTextDecor:22 - Text Area is displayed 
INFO  2019-05-29 13:23:16.558 LoginPassPage:22 - Set user password: 856ttestmy856 
INFO  2019-05-29 13:23:16.559 InputTextDecor:17 - Input Text Area 
INFO  2019-05-29 13:23:16.751 ButtonDecor:22 - Button is displayed 
INFO  2019-05-29 13:23:16.791 LoginPassPage:29 - Click to the 'Next' button on Password login page 
INFO  2019-05-29 13:23:16.792 ButtonDecor:17 - Button 
?[32m.?[0mINFO  2019-05-29 13:23:16.971 MailboxPage:50 - Click to the 'Compose' button on your email page to create new letter 
INFO  2019-05-29 13:23:16.972 ButtonDecor:17 - Button 
INFO  2019-05-29 13:23:27.486 MailboxPage:55 - Set email to: kryviakmaria@gmail.com 
INFO  2019-05-29 13:23:27.486 InputTextDecor:17 - Input Text Area 
INFO  2019-05-29 13:23:27.858 MailboxPage:60 - Set subject to: Hello 
INFO  2019-05-29 13:23:27.858 InputTextDecor:17 - Input Text Area 
INFO  2019-05-29 13:23:28.040 MailboxPage:65 - Set message to: How are you? 
INFO  2019-05-29 13:23:28.041 InputTextDecor:17 - Input Text Area 
INFO  2019-05-29 13:23:28.530 MailboxPage:70 - Click to the 'Send' button to sent the message 
INFO  2019-05-29 13:23:28.531 ButtonDecor:17 - Button 
?[32m.?[0mINFO  2019-05-29 13:23:28.779 LinkDecor:23 - Link is displayed 
?[31mF?[0m?[36m-?[0m?[36m-?[0m?[32m.?[0m?[32m.?[0mINFO  2019-05-29 13:23:33.213 LoginEmailPage:21 - Set user email: test28832 
INFO  2019-05-29 13:23:33.214 InputTextDecor:17 - Input Text Area 
?[31mF?[0m?[36m-?[0m?[36m-?[0m?[36m-?[0m?[36m-?[0m?[32m.?[0m?[32m.?[0mINFO  2019-05-29 13:23:33.291 LoginEmailPage:21 - Set user email: test28361 
INFO  2019-05-29 13:23:33.291 InputTextDecor:17 - Input Text Area 
?[31mF?[0m?[36m-?[0m?[36m-?[0m?[36m-?[0m?[36m-?[0m?[32m.?[0m?[32m.?[0mINFO  2019-05-29 13:23:33.357 LoginEmailPage:21 - Set user email: test283611 
INFO  2019-05-29 13:23:33.357 InputTextDecor:17 - Input Text Area 
?[31mF?[0m?[36m-?[0m?[36m-?[0m?[36m-?[0m?[36m-?[0m]]></system-out>
  <system-err><![CDATA[Starting ChromeDriver 74.0.3729.6 (255758eccf3d244491b8a1317aa76e1ce10d57e9-refs/branch-heads/3729@{#29}) on port 14106
Only local connections are allowed.
Please protect ports used by ChromeDriver and related test frameworks to prevent access by malicious code.
May 29, 2019 1:22:42 PM org.openqa.selenium.remote.ProtocolHandshake createSession
INFO: Detected dialect: OSS
Starting ChromeDriver 74.0.3729.6 (255758eccf3d244491b8a1317aa76e1ce10d57e9-refs/branch-heads/3729@{#29}) on port 46783
Only local connections are allowed.
Please protect ports used by ChromeDriver and related test frameworks to prevent access by malicious code.
May 29, 2019 1:23:11 PM org.openqa.selenium.remote.ProtocolHandshake createSession
INFO: Detected dialect: OSS
]]></system-err>
</testsuite>
